2024-10-03 17:23:15,264 Documento ARU caricato dall'utente.
2024-10-03 18:28:08,591 Documento ARU caricato
2024-10-03 18:28:31,822 Agente 2 ha completato il calcolo UFP.
2024-10-03 18:28:31,822 Revisione completata
2024-10-03 18:30:03,298 Agente 2 ha completato il calcolo UFP.
2024-10-03 18:30:03,298 Calcolo UFP completato
2024-10-03 18:31:01,970 Rapporto del Supervisore generato
2024-10-03 18:31:05,820 Rapporto del Supervisore generato
2024-10-03 18:37:31,806 Documento ARU caricato
2024-10-03 18:37:38,931 Documento ARU caricato
2024-10-03 18:37:59,929 Agente 2 ha completato il calcolo UFP.
2024-10-03 18:38:03,432 Agente 2 ha completato il calcolo UFP.
2024-10-03 18:38:04,435 Revisione ARU completata
2024-10-03 18:38:44,583 Agente 2 ha completato il calcolo UFP.
2024-10-03 18:38:45,598 Calcolo UFP completato
2024-10-03 18:39:08,807 Rapporto del Supervisore generato
2024-10-03 18:42:50,963 Documento ARU caricato
2024-10-03 18:43:07,384 Agente 2 ha completato il calcolo UFP.
2024-10-03 18:43:08,386 Revisione ARU completata
2024-10-03 18:43:32,105 Agente 2 ha completato il calcolo UFP.
2024-10-03 18:43:33,113 Calcolo UFP completato
2024-10-03 18:43:52,170 Supervisor has completed the verification.
2024-10-03 18:43:52,170 Rapporto del Supervisore generato
